<?xml version="1.0" encoding="UTF-8"?>
<testng-results ignored="0" total="4" passed="3" failed="1" skipped="0">
  <reporter-output>
  </reporter-output>
  <suite started-at="2020-06-17T12:53:55 IST" name="Suite" finished-at="2020-06-17T12:57:20 IST" duration-ms="205095">
    <groups>
    </groups>
    <test started-at="2020-06-17T12:53:55 IST" name="Validate Info of the site" finished-at="2020-06-17T12:55:09 IST" duration-ms="73689">
      <class name="TestPackage.E2EFramework.ValidateInfo">
        <test-method is-config="true" signature="Initalize()[pri:0, instance:TestPackage.E2EFramework.ValidateInfo@1677d1]" started-at="2020-06-17T12:53:55 IST" name="Initalize" finished-at="2020-06-17T12:55:09 IST" duration-ms="73512" status="FAIL">
          <exception class="org.openqa.selenium.WebDriverException">
            <message>
              <![CDATA[permission denied
Build info: version: '3.141.59', revision: 'e82be7d358', time: '2018-11-14T08:17:03'
System info: host: 'LAPTOP-96CA17I7', ip: '192.168.43.31', os.name: 'Windows 10', os.arch: 'amd64', os.version: '10.0', java.version: '12.0.1'
Driver info: driver.version: FirefoxDriver
remote stacktrace: ]]>
            </message>
            <full-stacktrace>
              <![CDATA[org.openqa.selenium.WebDriverException: permission denied
Build info: version: '3.141.59', revision: 'e82be7d358', time: '2018-11-14T08:17:03'
System info: host: 'LAPTOP-96CA17I7', ip: '192.168.43.31', os.name: 'Windows 10', os.arch: 'amd64', os.version: '10.0', java.version: '12.0.1'
Driver info: driver.version: FirefoxDriver
remote stacktrace: 
at java.base/jdk.internal.reflect.NativeConstructorAccessorImpl.newInstance0(Native Method)
at java.base/jdk.internal.reflect.NativeConstructorAccessorImpl.newInstance(NativeConstructorAccessorImpl.java:62)
at java.base/jdk.internal.reflect.DelegatingConstructorAccessorImpl.newInstance(DelegatingConstructorAccessorImpl.java:45)
at java.base/java.lang.reflect.Constructor.newInstanceWithCaller(Constructor.java:500)
at java.base/java.lang.reflect.Constructor.newInstance(Constructor.java:481)
at org.openqa.selenium.remote.W3CHandshakeResponse.lambda$errorHandler$0(W3CHandshakeResponse.java:62)
at org.openqa.selenium.remote.HandshakeResponse.lambda$getResponseFunction$0(HandshakeResponse.java:30)
at org.openqa.selenium.remote.ProtocolHandshake.lambda$createSession$0(ProtocolHandshake.java:126)
at java.base/java.util.stream.ReferencePipeline$3$1.accept(ReferencePipeline.java:195)
at java.base/java.util.Spliterators$ArraySpliterator.tryAdvance(Spliterators.java:958)
at java.base/java.util.stream.ReferencePipeline.forEachWithCancel(ReferencePipeline.java:127)
at java.base/java.util.stream.AbstractPipeline.copyIntoWithCancel(AbstractPipeline.java:502)
at java.base/java.util.stream.AbstractPipeline.copyInto(AbstractPipeline.java:488)
at java.base/java.util.stream.AbstractPipeline.wrapAndCopyInto(AbstractPipeline.java:474)
at java.base/java.util.stream.FindOps$FindOp.evaluateSequential(FindOps.java:150)
at java.base/java.util.stream.AbstractPipeline.evaluate(AbstractPipeline.java:234)
at java.base/java.util.stream.ReferencePipeline.findFirst(ReferencePipeline.java:543)
at org.openqa.selenium.remote.ProtocolHandshake.createSession(ProtocolHandshake.java:128)
at org.openqa.selenium.remote.ProtocolHandshake.createSession(ProtocolHandshake.java:74)
at org.openqa.selenium.remote.HttpCommandExecutor.execute(HttpCommandExecutor.java:136)
at org.openqa.selenium.remote.service.DriverCommandExecutor.execute(DriverCommandExecutor.java:83)
at org.openqa.selenium.remote.RemoteWebDriver.execute(RemoteWebDriver.java:552)
at org.openqa.selenium.remote.RemoteWebDriver.startSession(RemoteWebDriver.java:213)
at org.openqa.selenium.remote.RemoteWebDriver.<init>(RemoteWebDriver.java:131)
at org.openqa.selenium.firefox.FirefoxDriver.<init>(FirefoxDriver.java:147)
at org.openqa.selenium.firefox.FirefoxDriver.<init>(FirefoxDriver.java:125)
at Resources.Base.GetData(Base.java:55)
at TestPackage.E2EFramework.ValidateInfo.Initalize(ValidateInfo.java:21)
at java.base/jdk.internal.reflect.NativeMethodAccessorImpl.invoke0(Native Method)
at java.base/jdk.internal.reflect.NativeMethodAccessorImpl.invoke(NativeMethodAccessorImpl.java:62)
at java.base/jdk.internal.reflect.DelegatingMethodAccessorImpl.invoke(DelegatingMethodAccessorImpl.java:43)
at java.base/java.lang.reflect.Method.invoke(Method.java:567)
at org.testng.internal.MethodInvocationHelper.invokeMethod(MethodInvocationHelper.java:133)
at org.testng.internal.MethodInvocationHelper.invokeMethodConsideringTimeout(MethodInvocationHelper.java:62)
at org.testng.internal.ConfigInvoker.invokeConfigurationMethod(ConfigInvoker.java:340)
at org.testng.internal.ConfigInvoker.invokeConfigurations(ConfigInvoker.java:294)
at org.testng.TestRunner.invokeTestConfigurations(TestRunner.java:623)
at org.testng.TestRunner.beforeRun(TestRunner.java:613)
at org.testng.TestRunner.run(TestRunner.java:584)
at org.testng.SuiteRunner.runTest(SuiteRunner.java:402)
at org.testng.SuiteRunner.runSequentially(SuiteRunner.java:396)
at org.testng.SuiteRunner.privateRun(SuiteRunner.java:355)
at org.testng.SuiteRunner.run(SuiteRunner.java:304)
at org.testng.SuiteRunnerWorker.runSuite(SuiteRunnerWorker.java:53)
at org.testng.SuiteRunnerWorker.run(SuiteRunnerWorker.java:96)
at org.testng.TestNG.runSuitesSequentially(TestNG.java:1180)
at org.testng.TestNG.runSuitesLocally(TestNG.java:1102)
at org.testng.TestNG.runSuites(TestNG.java:1032)
at org.testng.TestNG.run(TestNG.java:1000)
at org.testng.remote.AbstractRemoteTestNG.run(AbstractRemoteTestNG.java:115)
at org.testng.remote.RemoteTestNG.initAndRun(RemoteTestNG.java:251)
at org.testng.remote.RemoteTestNG.main(RemoteTestNG.java:77)
]]>
            </full-stacktrace>
          </exception> <!-- org.openqa.selenium.WebDriverException -->
          <reporter-output>
          </reporter-output>
        </test-method> <!-- Initalize -->
        <test-method signature="ValidateLogin()[pri:0, instance:TestPackage.E2EFramework.ValidateInfo@1677d1]" started-at="2020-06-17T12:55:09 IST" name="ValidateLogin" finished-at="2020-06-17T12:55:09 IST" duration-ms="12" status="FAIL">
          <exception class="java.lang.NullPointerException">
            <full-stacktrace>
              <![CDATA[java.lang.NullPointerException
at Resources.Base.getScreenshot(Base.java:68)
at TestPackage.E2EFramework.TestListeners.onTestStart(TestListeners.java:18)
at org.testng.internal.TestListenerHelper.runTestListeners(TestListenerHelper.java:73)
at org.testng.internal.TestInvoker.runTestResultListener(TestInvoker.java:210)
at org.testng.internal.TestInvoker.registerSkippedTestResult(TestInvoker.java:691)
at org.testng.internal.TestInvoker.invokeMethod(TestInvoker.java:522)
at org.testng.internal.TestInvoker.invokeTestMethod(TestInvoker.java:172)
at org.testng.internal.MethodRunner.runInSequence(MethodRunner.java:46)
at org.testng.internal.TestInvoker$MethodInvocationAgent.invoke(TestInvoker.java:804)
at org.testng.internal.TestInvoker.invokeTestMethods(TestInvoker.java:145)
at org.testng.internal.TestMethodWorker.invokeTestMethods(TestMethodWorker.java:146)
at org.testng.internal.TestMethodWorker.run(TestMethodWorker.java:128)
at java.base/java.util.ArrayList.forEach(ArrayList.java:1540)
at org.testng.TestRunner.privateRun(TestRunner.java:770)
at org.testng.TestRunner.run(TestRunner.java:591)
at org.testng.SuiteRunner.runTest(SuiteRunner.java:402)
at org.testng.SuiteRunner.runSequentially(SuiteRunner.java:396)
at org.testng.SuiteRunner.privateRun(SuiteRunner.java:355)
at org.testng.SuiteRunner.run(SuiteRunner.java:304)
at org.testng.SuiteRunnerWorker.runSuite(SuiteRunnerWorker.java:53)
at org.testng.SuiteRunnerWorker.run(SuiteRunnerWorker.java:96)
at org.testng.TestNG.runSuitesSequentially(TestNG.java:1180)
at org.testng.TestNG.runSuitesLocally(TestNG.java:1102)
at org.testng.TestNG.runSuites(TestNG.java:1032)
at org.testng.TestNG.run(TestNG.java:1000)
at org.testng.remote.AbstractRemoteTestNG.run(AbstractRemoteTestNG.java:115)
at org.testng.remote.RemoteTestNG.initAndRun(RemoteTestNG.java:251)
at org.testng.remote.RemoteTestNG.main(RemoteTestNG.java:77)
]]>
            </full-stacktrace>
          </exception> <!-- java.lang.NullPointerException -->
          <reporter-output>
          </reporter-output>
        </test-method> <!-- ValidateLogin -->
        <test-method is-config="true" signature="Teardown()[pri:0, instance:TestPackage.E2EFramework.ValidateInfo@1677d1]" started-at="2020-06-17T12:55:09 IST" name="Teardown" finished-at="1970-01-01T05:30:00 IST" duration-ms="-1592378709585" status="SKIP">
          <reporter-output>
          </reporter-output>
        </test-method> <!-- Teardown -->
      </class> <!-- TestPackage.E2EFramework.ValidateInfo -->
    </test> <!-- Validate Info of the site -->
    <test started-at="2020-06-17T12:55:11 IST" name="Validate Rule of the booking" finished-at="2020-06-17T12:56:17 IST" duration-ms="66092">
      <class name="TestPackage.E2EFramework.ValidateRules">
        <test-method is-config="true" signature="Initalize()[pri:0, instance:TestPackage.E2EFramework.ValidateRules@149e0f5d]" started-at="2020-06-17T12:55:11 IST" name="Initalize" finished-at="2020-06-17T12:55:48 IST" duration-ms="37604" status="PASS">
          <reporter-output>
          </reporter-output>
        </test-method> <!-- Initalize -->
        <test-method signature="ValidateLogin()[pri:0, instance:TestPackage.E2EFramework.ValidateRules@149e0f5d]" started-at="2020-06-17T12:55:48 IST" name="ValidateLogin" finished-at="2020-06-17T12:56:05 IST" duration-ms="16386" status="PASS">
          <reporter-output>
          </reporter-output>
        </test-method> <!-- ValidateLogin -->
        <test-method is-config="true" signature="Teardown()[pri:0, instance:TestPackage.E2EFramework.ValidateRules@149e0f5d]" started-at="2020-06-17T12:56:05 IST" name="Teardown" finished-at="2020-06-17T12:56:17 IST" duration-ms="12071" status="PASS">
          <reporter-output>
          </reporter-output>
        </test-method> <!-- Teardown -->
      </class> <!-- TestPackage.E2EFramework.ValidateRules -->
    </test> <!-- Validate Rule of the booking -->
    <test started-at="2020-06-17T12:56:17 IST" name="Validate user should select the time slot" finished-at="2020-06-17T12:56:58 IST" duration-ms="40856">
      <class name="TestPackage.E2EFramework.ValidateTimeSelect">
        <test-method is-config="true" signature="Initalize()[pri:0, instance:TestPackage.E2EFramework.ValidateTimeSelect@1c93084c]" started-at="2020-06-17T12:56:17 IST" name="Initalize" finished-at="2020-06-17T12:56:40 IST" duration-ms="23266" status="PASS">
          <reporter-output>
          </reporter-output>
        </test-method> <!-- Initalize -->
        <test-method signature="ValidateLogin()[pri:0, instance:TestPackage.E2EFramework.ValidateTimeSelect@1c93084c]" started-at="2020-06-17T12:56:40 IST" name="ValidateLogin" finished-at="2020-06-17T12:56:53 IST" duration-ms="12972" status="PASS">
          <reporter-output>
          </reporter-output>
        </test-method> <!-- ValidateLogin -->
        <test-method is-config="true" signature="Teardown()[pri:0, instance:TestPackage.E2EFramework.ValidateTimeSelect@1c93084c]" started-at="2020-06-17T12:56:53 IST" name="Teardown" finished-at="2020-06-17T12:56:58 IST" duration-ms="4612" status="PASS">
          <reporter-output>
          </reporter-output>
        </test-method> <!-- Teardown -->
      </class> <!-- TestPackage.E2EFramework.ValidateTimeSelect -->
    </test> <!-- Validate user should select the time slot -->
    <test started-at="2020-06-17T12:56:58 IST" name="Validate booking cancle" finished-at="2020-06-17T12:57:20 IST" duration-ms="22557">
      <class name="TestPackage.E2EFramework.ValidateCancleBooking">
        <test-method is-config="true" signature="Initalize()[pri:0, instance:TestPackage.E2EFramework.ValidateCancleBooking@22a637e7]" started-at="2020-06-17T12:56:58 IST" name="Initalize" finished-at="2020-06-17T12:57:09 IST" duration-ms="10893" status="PASS">
          <reporter-output>
          </reporter-output>
        </test-method> <!-- Initalize -->
        <test-method signature="ValidateLogin()[pri:0, instance:TestPackage.E2EFramework.ValidateCancleBooking@22a637e7]" started-at="2020-06-17T12:57:09 IST" name="ValidateLogin" finished-at="2020-06-17T12:57:15 IST" duration-ms="6483" status="PASS">
          <reporter-output>
          </reporter-output>
        </test-method> <!-- ValidateLogin -->
        <test-method is-config="true" signature="Teardown()[pri:0, instance:TestPackage.E2EFramework.ValidateCancleBooking@22a637e7]" started-at="2020-06-17T12:57:15 IST" name="Teardown" finished-at="2020-06-17T12:57:20 IST" duration-ms="5172" status="PASS">
          <reporter-output>
          </reporter-output>
        </test-method> <!-- Teardown -->
      </class> <!-- TestPackage.E2EFramework.ValidateCancleBooking -->
    </test> <!-- Validate booking cancle -->
  </suite> <!-- Suite -->
</testng-results>
