<?xml version="1.0" encoding="UTF-8"?>
<!-- Generated by org.testng.reporters.JUnitXMLReporter -->
<testsuite ignored="0" hostname="LAPTOP-96CA17I7" failures="1" tests="1" name="Validate Info of the site" time="73.689" errors="0" timestamp="2020-06-17T12:55:11 IST">
  <testcase classname="TestPackage.E2EFramework.ValidateInfo" name="ValidateLogin" time="0.012">
    <failure type="java.lang.NullPointerException">
      <![CDATA[java.lang.NullPointerException
at Resources.Base.getScreenshot(Base.java:68)
at TestPackage.E2EFramework.TestListeners.onTestStart(TestListeners.java:18)
at java.base/java.util.ArrayList.forEach(ArrayList.java:1540)
... Removed 25 stack frames]]>
    </failure>
  </testcase> <!-- ValidateLogin -->
</testsuite> <!-- Validate Info of the site -->
